<?xml version="1.0" encoding="UTF-8"?>
<!-- Generated by org.testng.reporters.JUnitXMLReporter -->
<testsuite hostname="DESKTOP-TA3D90D" ignored="0" name="Add Customer Test" tests="3" failures="0" timestamp="2020-05-20T10:57:48 EDT" time="19.515" errors="0">
  <testcase name="addCustomerTest" time="6.542" classname="alak.dutta.testcases.AddCustomerTest"/>
  <testcase name="addCustomerTest" time="6.484" classname="alak.dutta.testcases.AddCustomerTest"/>
  <testcase name="addCustomerTest" time="6.451" classname="alak.dutta.testcases.AddCustomerTest"/>
</testsuite> <!-- Add Customer Test -->
