<?xml version="1.0" encoding="UTF-8"?>
<!-- Generated by org.testng.reporters.JUnitXMLReporter -->
<testsuite hostname="DESKTOP-TA3D90D" ignored="0" name="Cogmento LoginTest" tests="2" failures="0" timestamp="2020-06-15T23:10:50 EDT" time="9.296" errors="0">
  <testcase name="doNavigate" time="7.331" classname="alak.dutta.testcases.cogmentoCrm.cogmentoLoginTest"/>
  <testcase name="cogmentologinTest" time="1.834" classname="alak.dutta.testcases.cogmentoCrm.cogmentoLoginTest"/>
</testsuite> <!-- Cogmento LoginTest -->
