<?xml version="1.0" encoding="UTF-8"?>
<!-- Generated by org.testng.reporters.JUnitXMLReporter -->
<testsuite hostname="DESKTOP-TA3D90D" ignored="0" name="Cogmento contact test" tests="2" failures="0" timestamp="2020-06-15T23:11:20 EDT" time="28.555" errors="0">
  <testcase name="doNavigate" time="6.7" classname="alak.dutta.testcases.cogmentoCrm.contactTest"/>
  <testcase name="contacttest" time="21.819" classname="alak.dutta.testcases.cogmentoCrm.contactTest"/>
</testsuite> <!-- Cogmento contact test -->
