<?xml version="1.0" encoding="UTF-8"?>
<!-- Generated by org.testng.reporters.JUnitXMLReporter -->
<testsuite hostname="DESKTOP-TA3D90D" ignored="0" name="Cogmento contact test" tests="2" failures="0" timestamp="2020-09-03T15:16:21 EDT" time="10.954" errors="0">
  <testcase name="doNavigate" time="3.527" classname="alak.dutta.testcases.cogmentoCrm.contactTest"/>
  <testcase name="contacttest" time="7.332" classname="alak.dutta.testcases.cogmentoCrm.contactTest"/>
</testsuite> <!-- Cogmento contact test -->
