<?xml version="1.0" encoding="UTF-8"?>
<!-- Generated by org.testng.reporters.JUnitXMLReporter -->
<testsuite hostname="DESKTOP-TA3D90D" ignored="0" name="Cogmento Calendertest" tests="2" failures="0" timestamp="2020-09-03T15:16:35 EDT" time="13.515" errors="0">
  <testcase name="gotoCalenderPage" time="9.061" classname="alak.dutta.testcases.cogmentoCrm.calenderTest"/>
  <testcase name="calendertest" time="4.435" classname="alak.dutta.testcases.cogmentoCrm.calenderTest"/>
</testsuite> <!-- Cogmento Calendertest -->
