<?xml version="1.0" encoding="UTF-8"?>
<!-- Generated by org.testng.reporters.JUnitXMLReporter -->
<testsuite hostname="DESKTOP-TA3D90D" ignored="0" name="Contacts Test" tests="3" failures="0" timestamp="2020-05-23T19:30:54 EDT" time="13.99" errors="0">
  <testcase name="contactPage" time="6.986" classname="alak.dutta.testcases.Task.ContactsTest"/>
  <testcase name="contactsTest" time="6.38" classname="alak.dutta.testcases.Task.ContactsTest"/>
  <testcase name="contactTable" time="0.566" classname="alak.dutta.testcases.Task.ContactsTest"/>
</testsuite> <!-- Contacts Test -->
