<?xml version="1.0" encoding="UTF-8"?>
<!-- Generated by org.testng.reporters.JUnitXMLReporter -->
<testsuite hostname="DESKTOP-TA3D90D" ignored="0" name="Demo Practice" tests="2" failures="0" timestamp="2020-05-15T17:38:21 EDT" time="1.388" errors="0">
  <testcase name="aWebsite" time="1.38" classname="alak.dutta.testcases.Practicedemo"/>
  <testcase name="doFillUpform" time="0.0" classname="alak.dutta.testcases.Practicedemo">
    <skipped/>
  </testcase> <!-- doFillUpform -->
</testsuite> <!-- Demo Practice -->
