<?xml version="1.0" encoding="UTF-8"?>
<!-- Generated by org.testng.reporters.JUnitXMLReporter -->
<testsuite hostname="DESKTOP-TA3D90D" ignored="0" name="Login Test" tests="1" failures="0" timestamp="2020-05-10T23:09:29 EDT" time="0.047" errors="0">
  <testcase name="@BeforeSuite setUp" time="6.064" classname="alak.dutta.base.TestBase">
    <failure type="java.lang.NullPointerException" message="null value in entry: url=null">
      <![CDATA[java.lang.NullPointerException: null value in entry: url=null
at com.google.common.collect.CollectPreconditions.checkEntryNotNull(CollectPreconditions.java:32)
at com.google.common.collect.SingletonImmutableBiMap.<init>(SingletonImmutableBiMap.java:42)
at com.google.common.collect.ImmutableBiMap.of(ImmutableBiMap.java:72)
at com.google.common.collect.ImmutableMap.of(ImmutableMap.java:124)
at org.openqa.selenium.remote.RemoteWebDriver.get(RemoteWebDriver.java:277)
at alak.dutta.base.TestBase.setUp(TestBase.java:70)
... Removed 19 stack frames]]>
    </failure>
  </testcase> <!-- @BeforeSuite setUp -->
  <testcase name="loginAsbankManager" time="0.0" classname="alak.dutta.testcases.LoginTest">
    <skipped/>
  </testcase> <!-- loginAsbankManager -->
</testsuite> <!-- Login Test -->
