<?xml version="1.0" encoding="UTF-8"?>
<!-- Generated by org.testng.reporters.JUnitXMLReporter -->
<testsuite hostname="DESKTOP-TA3D90D" ignored="0" name="Opportunity Test" tests="3" failures="0" timestamp="2020-06-11T17:21:41 EDT" time="8.194" errors="0">
  <testcase name="opportunityHome" time="5.061" classname="alak.dutta.testcases.OpportunityTest"/>
  <testcase name="opportunityTest" time="1.703" classname="alak.dutta.testcases.OpportunityTest"/>
  <testcase name="tablePrint" time="1.413" classname="alak.dutta.testcases.OpportunityTest"/>
</testsuite> <!-- Opportunity Test -->
