<?xml version="1.0" encoding="UTF-8"?>
<!-- Generated by org.testng.reporters.JUnitXMLReporter -->
<testsuite hostname="DESKTOP-TA3D90D" ignored="0" name="Organization Test" tests="3" failures="0" timestamp="2020-05-23T19:31:02 EDT" time="8.679" errors="0">
  <testcase name="doOrganization" time="2.36" classname="alak.dutta.testcases.OrganizationTest"/>
  <testcase name="organizationTest" time="4.636" classname="alak.dutta.testcases.OrganizationTest"/>
  <testcase name="organizationTable" time="1.666" classname="alak.dutta.testcases.OrganizationTest"/>
</testsuite> <!-- Organization Test -->
