<?xml version="1.0" encoding="UTF-8"?>
<!-- Generated by org.testng.reporters.JUnitXMLReporter -->
<testsuite hostname="DESKTOP-TA3D90D" ignored="0" name="Organization Test" tests="3" failures="0" timestamp="2020-06-11T17:21:33 EDT" time="30.91" errors="0">
  <testcase name="doOrganization" time="21.925" classname="alak.dutta.testcases.OrganizationTest"/>
  <testcase name="organizationTest" time="4.106" classname="alak.dutta.testcases.OrganizationTest"/>
  <testcase name="organizationTable" time="4.852" classname="alak.dutta.testcases.OrganizationTest"/>
</testsuite> <!-- Organization Test -->
