<?xml version="1.0" encoding="UTF-8"?>
<testng-results skipped="0" failed="0" ignored="0" total="6" passed="6">
  <reporter-output>
  </reporter-output>
  <suite name="Data Driven Framework" duration-ms="59960" started-at="2020-06-15T23:10:41 EDT" finished-at="2020-06-15T23:11:41 EDT">
    <groups>
    </groups>
    <test name="Cogmento LoginTest" duration-ms="9296" started-at="2020-06-15T23:10:41 EDT" finished-at="2020-06-15T23:10:50 EDT">
      <class name="alak.dutta.testcases.cogmentoCrm.cogmentoLoginTest">
        <test-method status="PASS" signature="doNavigate()[pri:1, instance:alak.dutta.testcases.cogmentoCrm.cogmentoLoginTest@48974e45]" name="doNavigate" duration-ms="7331" started-at="2020-06-15T23:10:41 EDT" finished-at="2020-06-15T23:10:48 EDT">
          <reporter-output>
          </reporter-output>
        </test-method> <!-- doNavigate -->
        <test-method status="PASS" signature="cogmentologinTest(java.util.Hashtable)[pri:2, instance:alak.dutta.testcases.cogmentoCrm.cogmentoLoginTest@48974e45]" name="cogmentologinTest" duration-ms="1834" started-at="2020-06-15T23:10:48 EDT" data-provider="dp" finished-at="2020-06-15T23:10:50 EDT">
          <params>
            <param index="0">
              <value>
                <![CDATA[{password=Toma*1996, username=leoalak@gmail.com}]]>
              </value>
            </param>
          </params>
          <reporter-output>
          </reporter-output>
        </test-method> <!-- cogmentologinTest -->
      </class> <!-- alak.dutta.testcases.cogmentoCrm.cogmentoLoginTest -->
    </test> <!-- Cogmento LoginTest -->
    <test name="Cogmento contact test" duration-ms="28555" started-at="2020-06-15T23:10:51 EDT" finished-at="2020-06-15T23:11:20 EDT">
      <class name="alak.dutta.testcases.cogmentoCrm.contactTest">
        <test-method status="PASS" signature="doNavigate()[pri:1, instance:alak.dutta.testcases.cogmentoCrm.contactTest@49c7b90e]" name="doNavigate" duration-ms="6700" started-at="2020-06-15T23:10:51 EDT" finished-at="2020-06-15T23:10:58 EDT">
          <reporter-output>
          </reporter-output>
        </test-method> <!-- doNavigate -->
        <test-method status="PASS" signature="contacttest(java.util.Hashtable)[pri:2, instance:alak.dutta.testcases.cogmentoCrm.contactTest@49c7b90e]" name="contacttest" duration-ms="21819" started-at="2020-06-15T23:10:58 EDT" data-provider="dp" finished-at="2020-06-15T23:11:20 EDT">
          <params>
            <param index="0">
              <value>
                <![CDATA[{state=VA, MiddleName=Kanti, city=Alexandria, LastName=Das, email=pulak.dental@gmail.com, company=Iskcon, zipcode=22304.0, FirstName=Pulak, address=5335 Duke St, description=Hello How are you, business email=pulak.dental@dentalpoint.com}]]>
              </value>
            </param>
          </params>
          <reporter-output>
          </reporter-output>
        </test-method> <!-- contacttest -->
      </class> <!-- alak.dutta.testcases.cogmentoCrm.contactTest -->
    </test> <!-- Cogmento contact test -->
    <test name="Cogmento Calendertest" duration-ms="20557" started-at="2020-06-15T23:11:20 EDT" finished-at="2020-06-15T23:11:41 EDT">
      <class name="alak.dutta.testcases.cogmentoCrm.calenderTest">
        <test-method status="PASS" signature="setUp()[pri:0, instance:alak.dutta.testcases.cogmentoCrm.calenderTest@7e5afaa6]" name="setUp" is-config="true" duration-ms="15605" started-at="2020-06-15T23:10:25 EDT" finished-at="2020-06-15T23:10:41 EDT">
          <reporter-output>
          </reporter-output>
        </test-method> <!-- setUp -->
        <test-method status="PASS" signature="gotoCalenderPage()[pri:1, instance:alak.dutta.testcases.cogmentoCrm.calenderTest@7e5afaa6]" name="gotoCalenderPage" duration-ms="12725" started-at="2020-06-15T23:11:20 EDT" finished-at="2020-06-15T23:11:33 EDT">
          <reporter-output>
          </reporter-output>
        </test-method> <!-- gotoCalenderPage -->
        <test-method status="PASS" signature="calendertest(java.util.Hashtable)[pri:2, instance:alak.dutta.testcases.cogmentoCrm.calenderTest@7e5afaa6]" name="calendertest" duration-ms="7820" started-at="2020-06-15T23:11:33 EDT" data-provider="dp" finished-at="2020-06-15T23:11:41 EDT">
          <params>
            <param index="0">
              <value>
                <![CDATA[{alertBefore=1 Hour, category=Private, task=Difficult, deal=100 percent, participants=Alak & Toma, reminder=20/06/2020 20:00, identifier=Hashtag, company=Accenture, title=Mr., alertvia=SMS, location=Alexandria, description=This is the first Event, case=Not yet}]]>
              </value>
            </param>
          </params>
          <reporter-output>
          </reporter-output>
        </test-method> <!-- calendertest -->
        <test-method status="PASS" signature="tearDown()[pri:0, instance:alak.dutta.testcases.cogmentoCrm.calenderTest@7e5afaa6]" name="tearDown" is-config="true" duration-ms="2894" started-at="2020-06-15T23:11:41 EDT" finished-at="2020-06-15T23:11:44 EDT">
          <reporter-output>
          </reporter-output>
        </test-method> <!-- tearDown -->
      </class> <!-- alak.dutta.testcases.cogmentoCrm.calenderTest -->
    </test> <!-- Cogmento Calendertest -->
  </suite> <!-- Data Driven Framework -->
</testng-results>
